2024-06-06 15:08:25,218 - INFO - Starting crawl for https://www.industry.gov.au/publications?pub-topic=2906&pub-category=All&publisher=All&field_date_value=All
2024-06-06 15:08:25,218 - ERROR - Error while crawling https://www.industry.gov.au/publications?pub-topic=2906&pub-category=All&publisher=All&field_date_value=All: 'Site1Crawler' object has no attribute 'driver'
2024-06-06 15:28:20,117 - INFO - Starting crawl for https://www.industry.gov.au/publications?pub-topic=2906&pub-category=All&publisher=All&field_date_value=All
2024-06-06 15:28:20,118 - ERROR - Error while crawling https://www.industry.gov.au/publications?pub-topic=2906&pub-category=All&publisher=All&field_date_value=All: 'Site1Crawler' object has no attribute 'driver'
2024-06-06 15:28:28,637 - INFO - Starting crawl for https://www.industry.gov.au/publications?pub-topic=2906&pub-category=All&publisher=All&field_date_value=All
2024-06-06 15:28:28,637 - INFO - Starting crawl for https://www.industry.gov.au/publications?pub-topic=2906&pub-category=All&publisher=All&field_date_value=All
2024-06-06 15:28:28,637 - ERROR - Error while crawling https://www.industry.gov.au/publications?pub-topic=2906&pub-category=All&publisher=All&field_date_value=All: 'Site1Crawler' object has no attribute 'driver'
2024-06-06 15:28:28,637 - ERROR - Error while crawling https://www.industry.gov.au/publications?pub-topic=2906&pub-category=All&publisher=All&field_date_value=All: 'Site1Crawler' object has no attribute 'driver'
2024-06-06 15:57:36,601 - INFO - Starting crawl for https://www.industry.gov.au/publications?pub-topic=2906&pub-category=All&publisher=All&field_date_value=All
2024-06-06 15:57:36,601 - ERROR - Error while crawling https://www.industry.gov.au/publications?pub-topic=2906&pub-category=All&publisher=All&field_date_value=All: 'Site1Crawler' object has no attribute 'driver'
2024-06-06 16:32:17,461 - INFO - Starting crawl for https://www.industry.gov.au/publications?pub-topic=2906&pub-category=All&publisher=All&field_date_value=All
2024-06-06 16:32:17,461 - ERROR - Error while crawling https://www.industry.gov.au/publications?pub-topic=2906&pub-category=All&publisher=All&field_date_value=All: 'Site1Crawler' object has no attribute 'driver'
2024-06-06 17:07:56,440 - INFO - Starting crawl for https://www.industry.gov.au/publications?pub-topic=2906&pub-category=All&publisher=All&field_date_value=All
2024-06-06 17:08:00,576 - INFO - Accessed URL: https://www.industry.gov.au/publications?pub-topic=2906&pub-category=All&publisher=All&field_date_value=All
2024-06-06 17:08:12,620 - ERROR - Error while crawling https://www.industry.gov.au/publications?pub-topic=2906&pub-category=All&publisher=All&field_date_value=All: Message: no such element: Unable to locate element: {"method":"css selector","selector":"tbody"}
  (Session info: chrome-headless-shell=125.0.6422.142); For documentation on this error, please visit: https://www.selenium.dev/documentation/webdriver/troubleshooting/errors#no-such-element-exception
Stacktrace:
	GetHandleVerifier [0x00007FF745991F22+60322]
	(No symbol) [0x00007FF74590CE99]
	(No symbol) [0x00007FF7457C7EBA]
	(No symbol) [0x00007FF745817676]
	(No symbol) [0x00007FF74581773C]
	(No symbol) [0x00007FF74585E967]
	(No symbol) [0x00007FF74583C25F]
	(No symbol) [0x00007FF74585BC80]
	(No symbol) [0x00007FF74583BFC3]
	(No symbol) [0x00007FF745809617]
	(No symbol) [0x00007FF74580A211]
	GetHandleVerifier [0x00007FF745CA946D+3301613]
	GetHandleVerifier [0x00007FF745CF3693+3605267]
	GetHandleVerifier [0x00007FF745CE9410+3563664]
	GetHandleVerifier [0x00007FF745A442F6+790390]
	(No symbol) [0x00007FF7459174DF]
	(No symbol) [0x00007FF7459133D4]
	(No symbol) [0x00007FF745913562]
	(No symbol) [0x00007FF745902F6F]
	BaseThreadInitThunk [0x00007FFAD21B257D+29]
	RtlUserThreadStart [0x00007FFAD308AA48+40]

2024-06-06 17:25:59,452 - INFO - Starting crawl for https://www.industry.gov.au/publications?pub-topic=2906&pub-category=All&publisher=All&field_date_value=All
2024-06-06 17:26:00,075 - INFO - Accessed URL: https://www.industry.gov.au/publications?pub-topic=2906&pub-category=All&publisher=All&field_date_value=All
2024-06-06 17:26:23,171 - ERROR - Error while crawling https://www.industry.gov.au/publications?pub-topic=2906&pub-category=All&publisher=All&field_date_value=All: Message: 
Stacktrace:
	GetHandleVerifier [0x00007FF745991F22+60322]
	(No symbol) [0x00007FF74590CE99]
	(No symbol) [0x00007FF7457C7EBA]
	(No symbol) [0x00007FF745817676]
	(No symbol) [0x00007FF74581773C]
	(No symbol) [0x00007FF74585E967]
	(No symbol) [0x00007FF74583C25F]
	(No symbol) [0x00007FF74585BC80]
	(No symbol) [0x00007FF74583BFC3]
	(No symbol) [0x00007FF745809617]
	(No symbol) [0x00007FF74580A211]
	GetHandleVerifier [0x00007FF745CA946D+3301613]
	GetHandleVerifier [0x00007FF745CF3693+3605267]
	GetHandleVerifier [0x00007FF745CE9410+3563664]
	GetHandleVerifier [0x00007FF745A442F6+790390]
	(No symbol) [0x00007FF7459174DF]
	(No symbol) [0x00007FF7459133D4]
	(No symbol) [0x00007FF745913562]
	(No symbol) [0x00007FF745902F6F]
	BaseThreadInitThunk [0x00007FFAD21B257D+29]
	RtlUserThreadStart [0x00007FFAD308AA48+40]

2024-06-06 17:37:40,223 - INFO - Starting crawl for https://www.industry.gov.au/publications?pub-topic=2906&pub-category=All&publisher=All&field_date_value=All
2024-06-06 17:37:42,398 - INFO - Accessed URL: https://www.industry.gov.au/publications?pub-topic=2906&pub-category=All&publisher=All&field_date_value=All
2024-06-06 17:38:05,508 - ERROR - Error while crawling https://www.industry.gov.au/publications?pub-topic=2906&pub-category=All&publisher=All&field_date_value=All: Message: 
Stacktrace:
	GetHandleVerifier [0x00007FF75D921F52+60322]
	(No symbol) [0x00007FF75D89CEC9]
	(No symbol) [0x00007FF75D757EBA]
	(No symbol) [0x00007FF75D7A7676]
	(No symbol) [0x00007FF75D7A773C]
	(No symbol) [0x00007FF75D7EE967]
	(No symbol) [0x00007FF75D7CC25F]
	(No symbol) [0x00007FF75D7EBC80]
	(No symbol) [0x00007FF75D7CBFC3]
	(No symbol) [0x00007FF75D799617]
	(No symbol) [0x00007FF75D79A211]
	GetHandleVerifier [0x00007FF75DC394AD+3301629]
	GetHandleVerifier [0x00007FF75DC836D3+3605283]
	GetHandleVerifier [0x00007FF75DC79450+3563680]
	GetHandleVerifier [0x00007FF75D9D4326+790390]
	(No symbol) [0x00007FF75D8A750F]
	(No symbol) [0x00007FF75D8A3404]
	(No symbol) [0x00007FF75D8A3592]
	(No symbol) [0x00007FF75D892F9F]
	BaseThreadInitThunk [0x00007FFAD21B257D+29]
	RtlUserThreadStart [0x00007FFAD308AA48+40]

2024-06-06 18:34:26,889 - INFO - Starting crawl for https://www.industry.gov.au/publications?pub-topic=2906&pub-category=All&publisher=All&field_date_value=All
2024-06-06 18:34:27,539 - ERROR - Error while crawling https://www.industry.gov.au/publications?pub-topic=2906&pub-category=All&publisher=All&field_date_value=All: Message: unknown error: net::ERR_CONNECTION_RESET
  (Session info: chrome=125.0.6422.142)
Stacktrace:
	GetHandleVerifier [0x00007FF75D921F52+60322]
	(No symbol) [0x00007FF75D89CEC9]
	(No symbol) [0x00007FF75D757EBA]
	(No symbol) [0x00007FF75D74FEA2]
	(No symbol) [0x00007FF75D7409C4]
	(No symbol) [0x00007FF75D742212]
	(No symbol) [0x00007FF75D740CF1]
	(No symbol) [0x00007FF75D7404D1]
	(No symbol) [0x00007FF75D740410]
	(No symbol) [0x00007FF75D73E39D]
	(No symbol) [0x00007FF75D73E9DC]
	(No symbol) [0x00007FF75D75AC91]
	(No symbol) [0x00007FF75D7EC5FE]
	(No symbol) [0x00007FF75D7CC21A]
	(No symbol) [0x00007FF75D7EBC80]
	(No symbol) [0x00007FF75D7CBFC3]
	(No symbol) [0x00007FF75D799617]
	(No symbol) [0x00007FF75D79A211]
	GetHandleVerifier [0x00007FF75DC394AD+3301629]
	GetHandleVerifier [0x00007FF75DC836D3+3605283]
	GetHandleVerifier [0x00007FF75DC79450+3563680]
	GetHandleVerifier [0x00007FF75D9D4326+790390]
	(No symbol) [0x00007FF75D8A750F]
	(No symbol) [0x00007FF75D8A3404]
	(No symbol) [0x00007FF75D8A3592]
	(No symbol) [0x00007FF75D892F9F]
	BaseThreadInitThunk [0x00007FFAD21B257D+29]
	RtlUserThreadStart [0x00007FFAD308AA48+40]

2024-06-06 18:36:22,582 - INFO - Starting crawl for https://www.industry.gov.au/publications?pub-topic=2906&pub-category=All&publisher=All&field_date_value=All
2024-06-06 18:36:23,141 - ERROR - Error while crawling https://www.industry.gov.au/publications?pub-topic=2906&pub-category=All&publisher=All&field_date_value=All: Message: unknown error: net::ERR_CONNECTION_RESET
  (Session info: chrome=125.0.6422.142)
Stacktrace:
	GetHandleVerifier [0x00007FF75D921F52+60322]
	(No symbol) [0x00007FF75D89CEC9]
	(No symbol) [0x00007FF75D757EBA]
	(No symbol) [0x00007FF75D74FEA2]
	(No symbol) [0x00007FF75D7409C4]
	(No symbol) [0x00007FF75D742212]
	(No symbol) [0x00007FF75D740CF1]
	(No symbol) [0x00007FF75D7404D1]
	(No symbol) [0x00007FF75D740410]
	(No symbol) [0x00007FF75D73E39D]
	(No symbol) [0x00007FF75D73E9DC]
	(No symbol) [0x00007FF75D75AC91]
	(No symbol) [0x00007FF75D7EC5FE]
	(No symbol) [0x00007FF75D7CC21A]
	(No symbol) [0x00007FF75D7EBC80]
	(No symbol) [0x00007FF75D7CBFC3]
	(No symbol) [0x00007FF75D799617]
	(No symbol) [0x00007FF75D79A211]
	GetHandleVerifier [0x00007FF75DC394AD+3301629]
	GetHandleVerifier [0x00007FF75DC836D3+3605283]
	GetHandleVerifier [0x00007FF75DC79450+3563680]
	GetHandleVerifier [0x00007FF75D9D4326+790390]
	(No symbol) [0x00007FF75D8A750F]
	(No symbol) [0x00007FF75D8A3404]
	(No symbol) [0x00007FF75D8A3592]
	(No symbol) [0x00007FF75D892F9F]
	BaseThreadInitThunk [0x00007FFAD21B257D+29]
	RtlUserThreadStart [0x00007FFAD308AA48+40]

2024-06-06 18:36:56,510 - INFO - Starting crawl for https://www.industry.gov.au/publications?pub-topic=2906&pub-category=All&publisher=All&field_date_value=All
2024-06-06 18:37:03,582 - INFO - Accessed URL: https://www.industry.gov.au/publications?pub-topic=2906&pub-category=All&publisher=All&field_date_value=All
2024-06-06 18:37:10,392 - INFO - Collected 72 articles
2024-06-06 18:37:10,509 - ERROR - Error while saving data to database: Instance <WebData at 0x271f8445fa0> has a NULL identity key.  If this is an auto-generated value, check that the database table allows generation of new primary key values, and that the mapped Column object is configured to expect these generated values.  Ensure also that this flush() is not occurring at an inappropriate time, such as within a load() event.
2024-06-06 18:38:31,650 - INFO - Starting crawl for https://www.arc.gov.au/news-publications/media/media-releases
2024-06-06 18:38:33,248 - INFO - Accessed URL: https://www.arc.gov.au/news-publications/media/media-releases
2024-06-06 18:38:56,314 - ERROR - Error while crawling https://www.arc.gov.au/news-publications/media/media-releases: Message: 
Stacktrace:
	GetHandleVerifier [0x00007FF75D921F52+60322]
	(No symbol) [0x00007FF75D89CEC9]
	(No symbol) [0x00007FF75D757EBA]
	(No symbol) [0x00007FF75D7A7676]
	(No symbol) [0x00007FF75D7A773C]
	(No symbol) [0x00007FF75D7EE967]
	(No symbol) [0x00007FF75D7CC25F]
	(No symbol) [0x00007FF75D7EBC80]
	(No symbol) [0x00007FF75D7CBFC3]
	(No symbol) [0x00007FF75D799617]
	(No symbol) [0x00007FF75D79A211]
	GetHandleVerifier [0x00007FF75DC394AD+3301629]
	GetHandleVerifier [0x00007FF75DC836D3+3605283]
	GetHandleVerifier [0x00007FF75DC79450+3563680]
	GetHandleVerifier [0x00007FF75D9D4326+790390]
	(No symbol) [0x00007FF75D8A750F]
	(No symbol) [0x00007FF75D8A3404]
	(No symbol) [0x00007FF75D8A3592]
	(No symbol) [0x00007FF75D892F9F]
	BaseThreadInitThunk [0x00007FFAD21B257D+29]
	RtlUserThreadStart [0x00007FFAD308AA48+40]

2024-06-06 18:49:50,604 - INFO - Starting crawl for https://www.industry.gov.au/publications?pub-topic=2906&pub-category=All&publisher=All&field_date_value=All
2024-06-06 18:50:01,434 - INFO - Accessed URL: https://www.industry.gov.au/publications?pub-topic=2906&pub-category=All&publisher=All&field_date_value=All
2024-06-06 18:50:07,620 - INFO - Collected 72 articles
2024-06-06 18:50:07,736 - ERROR - Error while saving data to database: Instance <WebData at 0x2b64f616fa0> has a NULL identity key.  If this is an auto-generated value, check that the database table allows generation of new primary key values, and that the mapped Column object is configured to expect these generated values.  Ensure also that this flush() is not occurring at an inappropriate time, such as within a load() event.
2024-06-06 18:51:54,487 - INFO - Starting crawl for https://www.industry.gov.au/publications?pub-topic=2906&pub-category=All&publisher=All&field_date_value=All
2024-06-06 18:52:00,169 - INFO - Accessed URL: https://www.industry.gov.au/publications?pub-topic=2906&pub-category=All&publisher=All&field_date_value=All
2024-06-06 18:52:06,915 - INFO - Collected 72 articles
2024-06-06 18:52:07,023 - ERROR - Error while saving data to database: Instance <WebData at 0x1ded2b77160> has a NULL identity key.  If this is an auto-generated value, check that the database table allows generation of new primary key values, and that the mapped Column object is configured to expect these generated values.  Ensure also that this flush() is not occurring at an inappropriate time, such as within a load() event.
2024-06-06 18:53:20,293 - INFO - Starting crawl for https://www.industry.gov.au/publications?pub-topic=2906&pub-category=All&publisher=All&field_date_value=All
2024-06-06 18:53:20,293 - INFO - Starting crawl for https://www.industry.gov.au/publications?pub-topic=2906&pub-category=All&publisher=All&field_date_value=All
2024-06-06 18:53:25,793 - INFO - Accessed URL: https://www.industry.gov.au/publications?pub-topic=2906&pub-category=All&publisher=All&field_date_value=All
2024-06-06 18:53:25,793 - INFO - Accessed URL: https://www.industry.gov.au/publications?pub-topic=2906&pub-category=All&publisher=All&field_date_value=All
2024-06-06 18:53:32,196 - INFO - Collected 72 articles
2024-06-06 18:53:32,196 - INFO - Collected 72 articles
2024-06-06 18:53:32,322 - ERROR - Error while saving data to database: Instance <WebData at 0x1ded2b8f850> has a NULL identity key.  If this is an auto-generated value, check that the database table allows generation of new primary key values, and that the mapped Column object is configured to expect these generated values.  Ensure also that this flush() is not occurring at an inappropriate time, such as within a load() event.
2024-06-06 18:53:32,322 - ERROR - Error while saving data to database: Instance <WebData at 0x1ded2b8f850> has a NULL identity key.  If this is an auto-generated value, check that the database table allows generation of new primary key values, and that the mapped Column object is configured to expect these generated values.  Ensure also that this flush() is not occurring at an inappropriate time, such as within a load() event.
2024-06-06 18:55:04,222 - INFO - Starting crawl for https://www.industry.gov.au/publications?pub-topic=2906&pub-category=All&publisher=All&field_date_value=All
2024-06-06 18:55:05,218 - INFO - Accessed URL: https://www.industry.gov.au/publications?pub-topic=2906&pub-category=All&publisher=All&field_date_value=All
2024-06-06 18:55:17,270 - ERROR - Error while crawling https://www.industry.gov.au/publications?pub-topic=2906&pub-category=All&publisher=All&field_date_value=All: Message: no such element: Unable to locate element: {"method":"css selector","selector":"tbody"}
  (Session info: chrome-headless-shell=125.0.6422.142); For documentation on this error, please visit: https://www.selenium.dev/documentation/webdriver/troubleshooting/errors#no-such-element-exception
Stacktrace:
	GetHandleVerifier [0x00007FF75D921F52+60322]
	(No symbol) [0x00007FF75D89CEC9]
	(No symbol) [0x00007FF75D757EBA]
	(No symbol) [0x00007FF75D7A7676]
	(No symbol) [0x00007FF75D7A773C]
	(No symbol) [0x00007FF75D7EE967]
	(No symbol) [0x00007FF75D7CC25F]
	(No symbol) [0x00007FF75D7EBC80]
	(No symbol) [0x00007FF75D7CBFC3]
	(No symbol) [0x00007FF75D799617]
	(No symbol) [0x00007FF75D79A211]
	GetHandleVerifier [0x00007FF75DC394AD+3301629]
	GetHandleVerifier [0x00007FF75DC836D3+3605283]
	GetHandleVerifier [0x00007FF75DC79450+3563680]
	GetHandleVerifier [0x00007FF75D9D4326+790390]
	(No symbol) [0x00007FF75D8A750F]
	(No symbol) [0x00007FF75D8A3404]
	(No symbol) [0x00007FF75D8A3592]
	(No symbol) [0x00007FF75D892F9F]
	BaseThreadInitThunk [0x00007FFAD21B257D+29]
	RtlUserThreadStart [0x00007FFAD308AA48+40]

2024-06-06 18:56:14,210 - INFO - Starting crawl for https://www.industry.gov.au/publications?pub-topic=2906&pub-category=All&publisher=All&field_date_value=All
2024-06-06 18:56:14,210 - INFO - Starting crawl for https://www.industry.gov.au/publications?pub-topic=2906&pub-category=All&publisher=All&field_date_value=All
2024-06-06 18:56:14,713 - INFO - Accessed URL: https://www.industry.gov.au/publications?pub-topic=2906&pub-category=All&publisher=All&field_date_value=All
2024-06-06 18:56:14,713 - INFO - Accessed URL: https://www.industry.gov.au/publications?pub-topic=2906&pub-category=All&publisher=All&field_date_value=All
2024-06-06 18:56:26,778 - ERROR - Error while crawling https://www.industry.gov.au/publications?pub-topic=2906&pub-category=All&publisher=All&field_date_value=All: Message: no such element: Unable to locate element: {"method":"css selector","selector":"tbody"}
  (Session info: chrome-headless-shell=125.0.6422.142); For documentation on this error, please visit: https://www.selenium.dev/documentation/webdriver/troubleshooting/errors#no-such-element-exception
Stacktrace:
	GetHandleVerifier [0x00007FF75D921F52+60322]
	(No symbol) [0x00007FF75D89CEC9]
	(No symbol) [0x00007FF75D757EBA]
	(No symbol) [0x00007FF75D7A7676]
	(No symbol) [0x00007FF75D7A773C]
	(No symbol) [0x00007FF75D7EE967]
	(No symbol) [0x00007FF75D7CC25F]
	(No symbol) [0x00007FF75D7EBC80]
	(No symbol) [0x00007FF75D7CBFC3]
	(No symbol) [0x00007FF75D799617]
	(No symbol) [0x00007FF75D79A211]
	GetHandleVerifier [0x00007FF75DC394AD+3301629]
	GetHandleVerifier [0x00007FF75DC836D3+3605283]
	GetHandleVerifier [0x00007FF75DC79450+3563680]
	GetHandleVerifier [0x00007FF75D9D4326+790390]
	(No symbol) [0x00007FF75D8A750F]
	(No symbol) [0x00007FF75D8A3404]
	(No symbol) [0x00007FF75D8A3592]
	(No symbol) [0x00007FF75D892F9F]
	BaseThreadInitThunk [0x00007FFAD21B257D+29]
	RtlUserThreadStart [0x00007FFAD308AA48+40]

2024-06-06 18:56:26,778 - ERROR - Error while crawling https://www.industry.gov.au/publications?pub-topic=2906&pub-category=All&publisher=All&field_date_value=All: Message: no such element: Unable to locate element: {"method":"css selector","selector":"tbody"}
  (Session info: chrome-headless-shell=125.0.6422.142); For documentation on this error, please visit: https://www.selenium.dev/documentation/webdriver/troubleshooting/errors#no-such-element-exception
Stacktrace:
	GetHandleVerifier [0x00007FF75D921F52+60322]
	(No symbol) [0x00007FF75D89CEC9]
	(No symbol) [0x00007FF75D757EBA]
	(No symbol) [0x00007FF75D7A7676]
	(No symbol) [0x00007FF75D7A773C]
	(No symbol) [0x00007FF75D7EE967]
	(No symbol) [0x00007FF75D7CC25F]
	(No symbol) [0x00007FF75D7EBC80]
	(No symbol) [0x00007FF75D7CBFC3]
	(No symbol) [0x00007FF75D799617]
	(No symbol) [0x00007FF75D79A211]
	GetHandleVerifier [0x00007FF75DC394AD+3301629]
	GetHandleVerifier [0x00007FF75DC836D3+3605283]
	GetHandleVerifier [0x00007FF75DC79450+3563680]
	GetHandleVerifier [0x00007FF75D9D4326+790390]
	(No symbol) [0x00007FF75D8A750F]
	(No symbol) [0x00007FF75D8A3404]
	(No symbol) [0x00007FF75D8A3592]
	(No symbol) [0x00007FF75D892F9F]
	BaseThreadInitThunk [0x00007FFAD21B257D+29]
	RtlUserThreadStart [0x00007FFAD308AA48+40]

2024-06-06 18:57:16,336 - INFO - Starting crawl for https://www.industry.gov.au/publications?pub-topic=2906&pub-category=All&publisher=All&field_date_value=All
2024-06-06 18:57:19,302 - INFO - Accessed URL: https://www.industry.gov.au/publications?pub-topic=2906&pub-category=All&publisher=All&field_date_value=All
2024-06-06 18:57:25,748 - INFO - Collected 72 articles
2024-06-06 18:57:25,851 - ERROR - Error while saving data to database: Instance <WebData at 0x1ba6a5bbeb0> has a NULL identity key.  If this is an auto-generated value, check that the database table allows generation of new primary key values, and that the mapped Column object is configured to expect these generated values.  Ensure also that this flush() is not occurring at an inappropriate time, such as within a load() event.
2024-06-06 19:01:14,145 - INFO - Starting crawl for https://www.industry.gov.au/publications?pub-topic=2906&pub-category=All&publisher=All&field_date_value=All
2024-06-06 19:01:15,352 - INFO - Accessed URL: https://www.industry.gov.au/publications?pub-topic=2906&pub-category=All&publisher=All&field_date_value=All
2024-06-06 19:01:27,422 - ERROR - Error while crawling https://www.industry.gov.au/publications?pub-topic=2906&pub-category=All&publisher=All&field_date_value=All: Message: no such element: Unable to locate element: {"method":"css selector","selector":"tbody"}
  (Session info: chrome-headless-shell=125.0.6422.142); For documentation on this error, please visit: https://www.selenium.dev/documentation/webdriver/troubleshooting/errors#no-such-element-exception
Stacktrace:
	GetHandleVerifier [0x00007FF75D921F52+60322]
	(No symbol) [0x00007FF75D89CEC9]
	(No symbol) [0x00007FF75D757EBA]
	(No symbol) [0x00007FF75D7A7676]
	(No symbol) [0x00007FF75D7A773C]
	(No symbol) [0x00007FF75D7EE967]
	(No symbol) [0x00007FF75D7CC25F]
	(No symbol) [0x00007FF75D7EBC80]
	(No symbol) [0x00007FF75D7CBFC3]
	(No symbol) [0x00007FF75D799617]
	(No symbol) [0x00007FF75D79A211]
	GetHandleVerifier [0x00007FF75DC394AD+3301629]
	GetHandleVerifier [0x00007FF75DC836D3+3605283]
	GetHandleVerifier [0x00007FF75DC79450+3563680]
	GetHandleVerifier [0x00007FF75D9D4326+790390]
	(No symbol) [0x00007FF75D8A750F]
	(No symbol) [0x00007FF75D8A3404]
	(No symbol) [0x00007FF75D8A3592]
	(No symbol) [0x00007FF75D892F9F]
	BaseThreadInitThunk [0x00007FFAD21B257D+29]
	RtlUserThreadStart [0x00007FFAD308AA48+40]

2024-06-06 19:02:11,828 - INFO - Starting crawl for https://www.industry.gov.au/publications?pub-topic=2906&pub-category=All&publisher=All&field_date_value=All
2024-06-06 19:02:24,046 - INFO - Accessed URL: https://www.industry.gov.au/publications?pub-topic=2906&pub-category=All&publisher=All&field_date_value=All
2024-06-06 19:02:29,438 - INFO - Collected 72 articles
2024-06-06 19:02:29,447 - INFO - Article link https://www.industry.gov.au/publications/national-measurement-institute-cost-recovery-implementation-statement already exists, skipping insertion.
2024-06-06 19:02:29,449 - INFO - Article link https://www.industry.gov.au/publications/budget-2024-25 already exists, skipping insertion.
2024-06-06 19:02:29,450 - INFO - Article link https://www.industry.gov.au/publications/people-strategy-2024-2026 already exists, skipping insertion.
2024-06-06 19:02:29,451 - INFO - Article link https://www.industry.gov.au/publications/enterprise-agreement-2024-2027 already exists, skipping insertion.
2024-06-06 19:02:29,452 - INFO - Article link https://www.industry.gov.au/publications/evaluation-strategy-2024-2028 already exists, skipping insertion.
2024-06-06 19:02:29,452 - INFO - Article link https://www.industry.gov.au/publications/science-research-and-innovation-sri-budget-tables-2023-24 already exists, skipping insertion.
2024-06-06 19:02:29,453 - INFO - Article link https://www.industry.gov.au/publications/science-research-and-innovation-sri-budget-tables already exists, skipping insertion.
2024-06-06 19:02:29,455 - INFO - Article link https://www.industry.gov.au/publications/legal-metrology-priorities already exists, skipping insertion.
2024-06-06 19:02:29,456 - INFO - Article link https://www.industry.gov.au/publications/legal-metrology-priorities-2023-24 already exists, skipping insertion.
2024-06-06 19:02:29,457 - INFO - Article link https://www.industry.gov.au/publications/child-safe-and-vulnerable-people-policy already exists, skipping insertion.
2024-06-06 19:02:29,458 - INFO - Article link https://www.industry.gov.au/publications/fraud-and-corruption-control-strategy-snapshot-2023-25 already exists, skipping insertion.
2024-06-06 19:02:29,459 - INFO - Article link https://www.industry.gov.au/publications/aps-employee-census-2023-results already exists, skipping insertion.
2024-06-06 19:02:29,460 - INFO - Article link https://www.industry.gov.au/publications/annual-child-safety-statement-compliance-2023 already exists, skipping insertion.
2024-06-06 19:02:29,461 - INFO - Article link https://www.industry.gov.au/publications/environmental-report-2022-23 already exists, skipping insertion.
2024-06-06 19:02:29,462 - INFO - Article link https://www.industry.gov.au/publications/annual-report-2022-23 already exists, skipping insertion.
2024-06-06 19:02:29,463 - INFO - Article link https://www.industry.gov.au/publications/corporate-plan-2023-24 already exists, skipping insertion.
2024-06-06 19:02:29,464 - INFO - Article link https://www.industry.gov.au/publications/budget-2023-24 already exists, skipping insertion.
2024-06-06 19:02:29,466 - INFO - Article link https://www.industry.gov.au/publications/science-research-and-innovation-sri-budget-tables-2022-23 already exists, skipping insertion.
2024-06-06 19:02:29,467 - INFO - Article link https://www.industry.gov.au/publications/stretch-reconciliation-action-plan already exists, skipping insertion.
2024-06-06 19:02:29,468 - INFO - Article link https://www.industry.gov.au/publications/corporate-plan-2022-23 already exists, skipping insertion.
2024-06-06 19:02:29,469 - INFO - Article link https://www.industry.gov.au/publications/aps-employee-census-2022-highlights-report already exists, skipping insertion.
2024-06-06 19:02:29,470 - INFO - Article link https://www.industry.gov.au/publications/conflict-interest-policy already exists, skipping insertion.
2024-06-06 19:02:29,471 - INFO - Article link https://www.industry.gov.au/publications/environmental-report-2021-22 already exists, skipping insertion.
2024-06-06 19:02:29,472 - INFO - Article link https://www.industry.gov.au/publications/annual-report-2021-22 already exists, skipping insertion.
2024-06-06 19:02:29,473 - INFO - Article link https://www.industry.gov.au/publications/october-budget-2022-23 already exists, skipping insertion.
2024-06-06 19:02:29,473 - INFO - Article link https://www.industry.gov.au/publications/national-measurement-institute-national-compliance-plan-2022-23 already exists, skipping insertion.
2024-06-06 19:02:29,474 - INFO - Article link https://www.industry.gov.au/publications/privacy-policy already exists, skipping insertion.
2024-06-06 19:02:29,475 - INFO - Article link https://www.industry.gov.au/publications/departmental-response-anao-performance-audit-entrepreneurs-programme already exists, skipping insertion.
2024-06-06 19:02:29,477 - INFO - Article link https://www.industry.gov.au/publications/budget-2022-23-march already exists, skipping insertion.
2024-06-06 19:02:29,478 - INFO - Article link https://www.industry.gov.au/publications/aps-employee-census-2021-highlights-report already exists, skipping insertion.
2024-06-06 19:02:29,479 - INFO - Article link https://www.industry.gov.au/publications/legal-metrology-compliance-2020-21 already exists, skipping insertion.
2024-06-06 19:02:29,480 - INFO - Article link https://www.industry.gov.au/publications/procedures-determining-breaches-aps-code-conduct-and-determining-sanctions already exists, skipping insertion.
2024-06-06 19:02:29,481 - INFO - Article link https://www.industry.gov.au/publications/environmental-report-2020-21 already exists, skipping insertion.
2024-06-06 19:02:29,482 - INFO - Article link https://www.industry.gov.au/publications/annual-report-2020-21 already exists, skipping insertion.
2024-06-06 19:02:29,483 - INFO - Article link https://www.industry.gov.au/publications/corporate-plan-2021-22 already exists, skipping insertion.
2024-06-06 19:02:29,484 - INFO - Article link https://www.industry.gov.au/publications/data-strategy-2021-2024 already exists, skipping insertion.
2024-06-06 19:02:29,485 - INFO - Article link https://www.industry.gov.au/publications/anti-dumping-commission-collection-and-use-information-policy already exists, skipping insertion.
2024-06-06 19:02:29,487 - INFO - Article link https://www.industry.gov.au/publications/budget-2021-22 already exists, skipping insertion.
2024-06-06 19:02:29,488 - INFO - Article link https://www.industry.gov.au/publications/aps-employee-census-2020-highlights-report already exists, skipping insertion.
2024-06-06 19:02:29,490 - INFO - Article link https://www.industry.gov.au/publications/inclusion-strategy-2021-2023 already exists, skipping insertion.
2024-06-06 19:02:29,491 - INFO - Article link https://www.industry.gov.au/publications/corporate-plan-2020-21 already exists, skipping insertion.
2024-06-06 19:02:29,492 - INFO - Article link https://www.industry.gov.au/publications/safety-health-and-wellbeing-strategy-2020-2023 already exists, skipping insertion.
2024-06-06 19:02:29,494 - INFO - Article link https://www.industry.gov.au/publications/budget-2020-21 already exists, skipping insertion.
2024-06-06 19:02:29,495 - INFO - Article link https://www.industry.gov.au/publications/environmental-report-2019-20 already exists, skipping insertion.
2024-06-06 19:02:29,496 - INFO - Article link https://www.industry.gov.au/publications/aboriginal-and-torres-strait-islander-business-support-roadmap already exists, skipping insertion.
2024-06-06 19:02:29,497 - INFO - Article link https://www.industry.gov.au/publications/annual-report-2019-20 already exists, skipping insertion.
2024-06-06 19:02:29,498 - INFO - Article link https://www.industry.gov.au/publications/aps-employee-census-2019-highlights-report already exists, skipping insertion.
2024-06-06 19:02:29,499 - INFO - Article link https://www.industry.gov.au/publications/environmental-report-2018-19 already exists, skipping insertion.
2024-06-06 19:02:29,500 - INFO - Article link https://www.industry.gov.au/publications/annual-report-2018-19 already exists, skipping insertion.
2024-06-06 19:02:29,502 - INFO - Article link https://www.industry.gov.au/publications/corporate-plan-2019-20 already exists, skipping insertion.
2024-06-06 19:02:29,503 - INFO - Article link https://www.industry.gov.au/publications/reconciliation-action-plan-2019-2021 already exists, skipping insertion.
2024-06-06 19:02:29,504 - INFO - Article link https://www.industry.gov.au/publications/budget-2019-20 already exists, skipping insertion.
2024-06-06 19:02:29,505 - INFO - Article link https://www.industry.gov.au/publications/environmental-report-2017-18 already exists, skipping insertion.
2024-06-06 19:02:29,506 - INFO - Article link https://www.industry.gov.au/publications/annual-report-2017-18 already exists, skipping insertion.
2024-06-06 19:02:29,507 - INFO - Article link https://www.industry.gov.au/publications/corporate-plan-2018-19 already exists, skipping insertion.
2024-06-06 19:02:29,508 - INFO - Article link https://www.industry.gov.au/publications/agency-plan-information-publication-scheme already exists, skipping insertion.
2024-06-06 19:02:29,509 - INFO - Article link https://www.industry.gov.au/publications/budget-2018-19 already exists, skipping insertion.
2024-06-06 19:02:29,510 - INFO - Article link https://www.industry.gov.au/publications/environmental-report-2016-17 already exists, skipping insertion.
2024-06-06 19:02:29,511 - INFO - Article link https://www.industry.gov.au/publications/annual-report-2016-17 already exists, skipping insertion.
2024-06-06 19:02:29,512 - INFO - Article link https://www.industry.gov.au/publications/corporate-plan-2017-18 already exists, skipping insertion.
2024-06-06 19:02:29,512 - INFO - Article link https://www.industry.gov.au/publications/national-measurement-institute-national-compliance-policy already exists, skipping insertion.
2024-06-06 19:02:29,513 - INFO - Article link https://www.industry.gov.au/publications/budget-2017-18 already exists, skipping insertion.
2024-06-06 19:02:29,514 - INFO - Article link https://www.industry.gov.au/publications/environmental-report-2015-16 already exists, skipping insertion.
2024-06-06 19:02:29,515 - INFO - Article link https://www.industry.gov.au/publications/annual-report-2015-16 already exists, skipping insertion.
2024-06-06 19:02:29,516 - INFO - Article link https://www.industry.gov.au/publications/corporate-plan-2016-17 already exists, skipping insertion.
2024-06-06 19:02:29,517 - INFO - Article link https://www.industry.gov.au/publications/budget-2016-17 already exists, skipping insertion.
2024-06-06 19:02:29,518 - INFO - Article link https://www.industry.gov.au/publications/contract-provision-services-user-notes already exists, skipping insertion.
2024-06-06 19:02:29,519 - INFO - Article link https://www.industry.gov.au/publications/choosing-appropriate-designs-and-methods-impact-evaluation already exists, skipping insertion.
2024-06-06 19:02:29,520 - INFO - Article link https://www.industry.gov.au/publications/sustainable-procurement-strategy already exists, skipping insertion.
2024-06-06 19:02:29,522 - INFO - Article link https://www.industry.gov.au/publications/annual-report-2014-15 already exists, skipping insertion.
2024-06-06 19:02:29,523 - INFO - Article link https://www.industry.gov.au/publications/environmental-report-2014-15 already exists, skipping insertion.
2024-06-06 19:02:29,524 - INFO - Article link https://www.industry.gov.au/publications/randomised-controlled-trials-and-industry-program-evaluations already exists, skipping insertion.
2024-06-06 19:02:29,524 - INFO - Data saved to database
2024-06-06 19:03:12,698 - INFO - Starting crawl for https://www.industry.gov.au/publications?pub-topic=2906&pub-category=All&publisher=All&field_date_value=All
2024-06-06 19:03:17,925 - INFO - Accessed URL: https://www.industry.gov.au/publications?pub-topic=2906&pub-category=All&publisher=All&field_date_value=All
2024-06-06 19:03:24,284 - INFO - Collected 72 articles
2024-06-06 19:03:24,388 - ERROR - Error while saving data to database: Instance <WebData at 0x263b5035250> has a NULL identity key.  If this is an auto-generated value, check that the database table allows generation of new primary key values, and that the mapped Column object is configured to expect these generated values.  Ensure also that this flush() is not occurring at an inappropriate time, such as within a load() event.
2024-06-06 19:03:46,162 - INFO - Starting crawl for https://www.industry.gov.au/publications?pub-topic=2906&pub-category=All&publisher=All&field_date_value=All
2024-06-06 19:03:52,863 - INFO - Accessed URL: https://www.industry.gov.au/publications?pub-topic=2906&pub-category=All&publisher=All&field_date_value=All
2024-06-06 19:03:58,126 - INFO - Collected 72 articles
2024-06-06 19:03:58,137 - INFO - Article link https://www.industry.gov.au/publications/national-measurement-institute-cost-recovery-implementation-statement already exists, skipping insertion.
2024-06-06 19:03:58,138 - INFO - Article link https://www.industry.gov.au/publications/budget-2024-25 already exists, skipping insertion.
2024-06-06 19:03:58,139 - INFO - Article link https://www.industry.gov.au/publications/people-strategy-2024-2026 already exists, skipping insertion.
2024-06-06 19:03:58,140 - INFO - Article link https://www.industry.gov.au/publications/enterprise-agreement-2024-2027 already exists, skipping insertion.
2024-06-06 19:03:58,141 - INFO - Article link https://www.industry.gov.au/publications/evaluation-strategy-2024-2028 already exists, skipping insertion.
2024-06-06 19:03:58,143 - INFO - Article link https://www.industry.gov.au/publications/science-research-and-innovation-sri-budget-tables-2023-24 already exists, skipping insertion.
2024-06-06 19:03:58,144 - INFO - Article link https://www.industry.gov.au/publications/science-research-and-innovation-sri-budget-tables already exists, skipping insertion.
2024-06-06 19:03:58,145 - INFO - Article link https://www.industry.gov.au/publications/legal-metrology-priorities already exists, skipping insertion.
2024-06-06 19:03:58,146 - INFO - Article link https://www.industry.gov.au/publications/legal-metrology-priorities-2023-24 already exists, skipping insertion.
2024-06-06 19:03:58,147 - INFO - Article link https://www.industry.gov.au/publications/child-safe-and-vulnerable-people-policy already exists, skipping insertion.
2024-06-06 19:03:58,148 - INFO - Article link https://www.industry.gov.au/publications/fraud-and-corruption-control-strategy-snapshot-2023-25 already exists, skipping insertion.
2024-06-06 19:03:58,150 - INFO - Article link https://www.industry.gov.au/publications/aps-employee-census-2023-results already exists, skipping insertion.
2024-06-06 19:03:58,151 - INFO - Article link https://www.industry.gov.au/publications/annual-child-safety-statement-compliance-2023 already exists, skipping insertion.
2024-06-06 19:03:58,152 - INFO - Article link https://www.industry.gov.au/publications/environmental-report-2022-23 already exists, skipping insertion.
2024-06-06 19:03:58,154 - INFO - Article link https://www.industry.gov.au/publications/annual-report-2022-23 already exists, skipping insertion.
2024-06-06 19:03:58,155 - INFO - Article link https://www.industry.gov.au/publications/corporate-plan-2023-24 already exists, skipping insertion.
2024-06-06 19:03:58,156 - INFO - Article link https://www.industry.gov.au/publications/budget-2023-24 already exists, skipping insertion.
2024-06-06 19:03:58,158 - INFO - Article link https://www.industry.gov.au/publications/science-research-and-innovation-sri-budget-tables-2022-23 already exists, skipping insertion.
2024-06-06 19:03:58,159 - INFO - Article link https://www.industry.gov.au/publications/stretch-reconciliation-action-plan already exists, skipping insertion.
2024-06-06 19:03:58,160 - INFO - Article link https://www.industry.gov.au/publications/corporate-plan-2022-23 already exists, skipping insertion.
2024-06-06 19:03:58,162 - INFO - Article link https://www.industry.gov.au/publications/aps-employee-census-2022-highlights-report already exists, skipping insertion.
2024-06-06 19:03:58,163 - INFO - Article link https://www.industry.gov.au/publications/conflict-interest-policy already exists, skipping insertion.
2024-06-06 19:03:58,164 - INFO - Article link https://www.industry.gov.au/publications/environmental-report-2021-22 already exists, skipping insertion.
2024-06-06 19:03:58,166 - INFO - Article link https://www.industry.gov.au/publications/annual-report-2021-22 already exists, skipping insertion.
2024-06-06 19:03:58,167 - INFO - Article link https://www.industry.gov.au/publications/october-budget-2022-23 already exists, skipping insertion.
2024-06-06 19:03:58,168 - INFO - Article link https://www.industry.gov.au/publications/national-measurement-institute-national-compliance-plan-2022-23 already exists, skipping insertion.
2024-06-06 19:03:58,169 - INFO - Article link https://www.industry.gov.au/publications/privacy-policy already exists, skipping insertion.
2024-06-06 19:03:58,170 - INFO - Article link https://www.industry.gov.au/publications/departmental-response-anao-performance-audit-entrepreneurs-programme already exists, skipping insertion.
2024-06-06 19:03:58,171 - INFO - Article link https://www.industry.gov.au/publications/budget-2022-23-march already exists, skipping insertion.
2024-06-06 19:03:58,172 - INFO - Article link https://www.industry.gov.au/publications/aps-employee-census-2021-highlights-report already exists, skipping insertion.
2024-06-06 19:03:58,173 - INFO - Article link https://www.industry.gov.au/publications/legal-metrology-compliance-2020-21 already exists, skipping insertion.
2024-06-06 19:03:58,175 - INFO - Article link https://www.industry.gov.au/publications/procedures-determining-breaches-aps-code-conduct-and-determining-sanctions already exists, skipping insertion.
2024-06-06 19:03:58,176 - INFO - Article link https://www.industry.gov.au/publications/environmental-report-2020-21 already exists, skipping insertion.
2024-06-06 19:03:58,177 - INFO - Article link https://www.industry.gov.au/publications/annual-report-2020-21 already exists, skipping insertion.
2024-06-06 19:03:58,178 - INFO - Article link https://www.industry.gov.au/publications/corporate-plan-2021-22 already exists, skipping insertion.
2024-06-06 19:03:58,179 - INFO - Article link https://www.industry.gov.au/publications/data-strategy-2021-2024 already exists, skipping insertion.
2024-06-06 19:03:58,182 - INFO - Article link https://www.industry.gov.au/publications/anti-dumping-commission-collection-and-use-information-policy already exists, skipping insertion.
2024-06-06 19:03:58,183 - INFO - Article link https://www.industry.gov.au/publications/budget-2021-22 already exists, skipping insertion.
2024-06-06 19:03:58,184 - INFO - Article link https://www.industry.gov.au/publications/aps-employee-census-2020-highlights-report already exists, skipping insertion.
2024-06-06 19:03:58,186 - INFO - Article link https://www.industry.gov.au/publications/inclusion-strategy-2021-2023 already exists, skipping insertion.
2024-06-06 19:03:58,187 - INFO - Article link https://www.industry.gov.au/publications/corporate-plan-2020-21 already exists, skipping insertion.
2024-06-06 19:03:58,188 - INFO - Article link https://www.industry.gov.au/publications/safety-health-and-wellbeing-strategy-2020-2023 already exists, skipping insertion.
2024-06-06 19:03:58,189 - INFO - Article link https://www.industry.gov.au/publications/budget-2020-21 already exists, skipping insertion.
2024-06-06 19:03:58,190 - INFO - Article link https://www.industry.gov.au/publications/environmental-report-2019-20 already exists, skipping insertion.
2024-06-06 19:03:58,192 - INFO - Article link https://www.industry.gov.au/publications/aboriginal-and-torres-strait-islander-business-support-roadmap already exists, skipping insertion.
2024-06-06 19:03:58,193 - INFO - Article link https://www.industry.gov.au/publications/annual-report-2019-20 already exists, skipping insertion.
2024-06-06 19:03:58,195 - INFO - Article link https://www.industry.gov.au/publications/aps-employee-census-2019-highlights-report already exists, skipping insertion.
2024-06-06 19:03:58,197 - INFO - Article link https://www.industry.gov.au/publications/environmental-report-2018-19 already exists, skipping insertion.
2024-06-06 19:03:58,198 - INFO - Article link https://www.industry.gov.au/publications/annual-report-2018-19 already exists, skipping insertion.
2024-06-06 19:03:58,199 - INFO - Article link https://www.industry.gov.au/publications/corporate-plan-2019-20 already exists, skipping insertion.
2024-06-06 19:03:58,200 - INFO - Article link https://www.industry.gov.au/publications/reconciliation-action-plan-2019-2021 already exists, skipping insertion.
2024-06-06 19:03:58,202 - INFO - Article link https://www.industry.gov.au/publications/budget-2019-20 already exists, skipping insertion.
2024-06-06 19:03:58,204 - INFO - Article link https://www.industry.gov.au/publications/environmental-report-2017-18 already exists, skipping insertion.
2024-06-06 19:03:58,205 - INFO - Article link https://www.industry.gov.au/publications/annual-report-2017-18 already exists, skipping insertion.
2024-06-06 19:03:58,206 - INFO - Article link https://www.industry.gov.au/publications/corporate-plan-2018-19 already exists, skipping insertion.
2024-06-06 19:03:58,208 - INFO - Article link https://www.industry.gov.au/publications/agency-plan-information-publication-scheme already exists, skipping insertion.
2024-06-06 19:03:58,209 - INFO - Article link https://www.industry.gov.au/publications/budget-2018-19 already exists, skipping insertion.
2024-06-06 19:03:58,211 - INFO - Article link https://www.industry.gov.au/publications/environmental-report-2016-17 already exists, skipping insertion.
2024-06-06 19:03:58,213 - INFO - Article link https://www.industry.gov.au/publications/annual-report-2016-17 already exists, skipping insertion.
2024-06-06 19:03:58,215 - INFO - Article link https://www.industry.gov.au/publications/corporate-plan-2017-18 already exists, skipping insertion.
2024-06-06 19:03:58,216 - INFO - Article link https://www.industry.gov.au/publications/national-measurement-institute-national-compliance-policy already exists, skipping insertion.
2024-06-06 19:03:58,217 - INFO - Article link https://www.industry.gov.au/publications/budget-2017-18 already exists, skipping insertion.
2024-06-06 19:03:58,218 - INFO - Article link https://www.industry.gov.au/publications/environmental-report-2015-16 already exists, skipping insertion.
2024-06-06 19:03:58,219 - INFO - Article link https://www.industry.gov.au/publications/annual-report-2015-16 already exists, skipping insertion.
2024-06-06 19:03:58,221 - INFO - Article link https://www.industry.gov.au/publications/corporate-plan-2016-17 already exists, skipping insertion.
2024-06-06 19:03:58,222 - INFO - Article link https://www.industry.gov.au/publications/budget-2016-17 already exists, skipping insertion.
2024-06-06 19:03:58,223 - INFO - Article link https://www.industry.gov.au/publications/contract-provision-services-user-notes already exists, skipping insertion.
2024-06-06 19:03:58,224 - INFO - Article link https://www.industry.gov.au/publications/choosing-appropriate-designs-and-methods-impact-evaluation already exists, skipping insertion.
2024-06-06 19:03:58,225 - INFO - Article link https://www.industry.gov.au/publications/sustainable-procurement-strategy already exists, skipping insertion.
2024-06-06 19:03:58,227 - INFO - Article link https://www.industry.gov.au/publications/annual-report-2014-15 already exists, skipping insertion.
2024-06-06 19:03:58,229 - INFO - Article link https://www.industry.gov.au/publications/environmental-report-2014-15 already exists, skipping insertion.
2024-06-06 19:03:58,230 - INFO - Article link https://www.industry.gov.au/publications/randomised-controlled-trials-and-industry-program-evaluations already exists, skipping insertion.
2024-06-06 19:03:58,230 - INFO - Data saved to database
2024-06-07 14:26:55,385 - INFO - Starting crawl for https://www.industry.gov.au/publications?pub-topic=2906&pub-category=All&publisher=All&field_date_value=All
2024-06-07 14:27:03,892 - INFO - Accessed URL: https://www.industry.gov.au/publications?pub-topic=2906&pub-category=All&publisher=All&field_date_value=All
2024-06-07 14:27:10,800 - INFO - Collected 72 articles
2024-06-07 14:27:10,802 - INFO - Article link https://www.industry.gov.au/publications/national-measurement-institute-cost-recovery-implementation-statement already exists, skipping insertion.
2024-06-07 14:27:10,803 - INFO - Article link https://www.industry.gov.au/publications/budget-2024-25 already exists, skipping insertion.
2024-06-07 14:27:10,806 - INFO - Article link https://www.industry.gov.au/publications/people-strategy-2024-2026 already exists, skipping insertion.
2024-06-07 14:27:10,807 - INFO - Article link https://www.industry.gov.au/publications/enterprise-agreement-2024-2027 already exists, skipping insertion.
2024-06-07 14:27:10,808 - INFO - Article link https://www.industry.gov.au/publications/evaluation-strategy-2024-2028 already exists, skipping insertion.
2024-06-07 14:27:10,810 - INFO - Article link https://www.industry.gov.au/publications/science-research-and-innovation-sri-budget-tables-2023-24 already exists, skipping insertion.
2024-06-07 14:27:10,811 - INFO - Article link https://www.industry.gov.au/publications/science-research-and-innovation-sri-budget-tables already exists, skipping insertion.
2024-06-07 14:27:10,812 - INFO - Article link https://www.industry.gov.au/publications/legal-metrology-priorities already exists, skipping insertion.
2024-06-07 14:27:10,814 - INFO - Article link https://www.industry.gov.au/publications/legal-metrology-priorities-2023-24 already exists, skipping insertion.
2024-06-07 14:27:10,815 - INFO - Article link https://www.industry.gov.au/publications/child-safe-and-vulnerable-people-policy already exists, skipping insertion.
2024-06-07 14:27:10,817 - INFO - Article link https://www.industry.gov.au/publications/fraud-and-corruption-control-strategy-snapshot-2023-25 already exists, skipping insertion.
2024-06-07 14:27:10,819 - INFO - Article link https://www.industry.gov.au/publications/aps-employee-census-2023-results already exists, skipping insertion.
2024-06-07 14:27:10,819 - INFO - Article link https://www.industry.gov.au/publications/annual-child-safety-statement-compliance-2023 already exists, skipping insertion.
2024-06-07 14:27:10,821 - INFO - Article link https://www.industry.gov.au/publications/environmental-report-2022-23 already exists, skipping insertion.
2024-06-07 14:27:10,822 - INFO - Article link https://www.industry.gov.au/publications/annual-report-2022-23 already exists, skipping insertion.
2024-06-07 14:27:10,823 - INFO - Article link https://www.industry.gov.au/publications/corporate-plan-2023-24 already exists, skipping insertion.
2024-06-07 14:27:10,824 - INFO - Article link https://www.industry.gov.au/publications/budget-2023-24 already exists, skipping insertion.
2024-06-07 14:27:10,825 - INFO - Article link https://www.industry.gov.au/publications/science-research-and-innovation-sri-budget-tables-2022-23 already exists, skipping insertion.
2024-06-07 14:27:10,827 - INFO - Article link https://www.industry.gov.au/publications/stretch-reconciliation-action-plan already exists, skipping insertion.
2024-06-07 14:27:10,828 - INFO - Article link https://www.industry.gov.au/publications/corporate-plan-2022-23 already exists, skipping insertion.
2024-06-07 14:27:10,830 - INFO - Article link https://www.industry.gov.au/publications/aps-employee-census-2022-highlights-report already exists, skipping insertion.
2024-06-07 14:27:10,832 - INFO - Article link https://www.industry.gov.au/publications/conflict-interest-policy already exists, skipping insertion.
2024-06-07 14:27:10,833 - INFO - Article link https://www.industry.gov.au/publications/environmental-report-2021-22 already exists, skipping insertion.
2024-06-07 14:27:10,835 - INFO - Article link https://www.industry.gov.au/publications/annual-report-2021-22 already exists, skipping insertion.
2024-06-07 14:27:10,836 - INFO - Article link https://www.industry.gov.au/publications/october-budget-2022-23 already exists, skipping insertion.
2024-06-07 14:27:10,837 - INFO - Article link https://www.industry.gov.au/publications/national-measurement-institute-national-compliance-plan-2022-23 already exists, skipping insertion.
2024-06-07 14:27:10,838 - INFO - Article link https://www.industry.gov.au/publications/privacy-policy already exists, skipping insertion.
2024-06-07 14:27:10,840 - INFO - Article link https://www.industry.gov.au/publications/departmental-response-anao-performance-audit-entrepreneurs-programme already exists, skipping insertion.
2024-06-07 14:27:10,841 - INFO - Article link https://www.industry.gov.au/publications/budget-2022-23-march already exists, skipping insertion.
2024-06-07 14:27:10,842 - INFO - Article link https://www.industry.gov.au/publications/aps-employee-census-2021-highlights-report already exists, skipping insertion.
2024-06-07 14:27:10,843 - INFO - Article link https://www.industry.gov.au/publications/legal-metrology-compliance-2020-21 already exists, skipping insertion.
2024-06-07 14:27:10,845 - INFO - Article link https://www.industry.gov.au/publications/procedures-determining-breaches-aps-code-conduct-and-determining-sanctions already exists, skipping insertion.
2024-06-07 14:27:10,847 - INFO - Article link https://www.industry.gov.au/publications/environmental-report-2020-21 already exists, skipping insertion.
2024-06-07 14:27:10,849 - INFO - Article link https://www.industry.gov.au/publications/annual-report-2020-21 already exists, skipping insertion.
2024-06-07 14:27:10,850 - INFO - Article link https://www.industry.gov.au/publications/corporate-plan-2021-22 already exists, skipping insertion.
2024-06-07 14:27:10,852 - INFO - Article link https://www.industry.gov.au/publications/data-strategy-2021-2024 already exists, skipping insertion.
2024-06-07 14:27:10,854 - INFO - Article link https://www.industry.gov.au/publications/anti-dumping-commission-collection-and-use-information-policy already exists, skipping insertion.
2024-06-07 14:27:10,855 - INFO - Article link https://www.industry.gov.au/publications/budget-2021-22 already exists, skipping insertion.
2024-06-07 14:27:10,856 - INFO - Article link https://www.industry.gov.au/publications/aps-employee-census-2020-highlights-report already exists, skipping insertion.
2024-06-07 14:27:10,857 - INFO - Article link https://www.industry.gov.au/publications/inclusion-strategy-2021-2023 already exists, skipping insertion.
2024-06-07 14:27:10,858 - INFO - Article link https://www.industry.gov.au/publications/corporate-plan-2020-21 already exists, skipping insertion.
2024-06-07 14:27:10,860 - INFO - Article link https://www.industry.gov.au/publications/safety-health-and-wellbeing-strategy-2020-2023 already exists, skipping insertion.
2024-06-07 14:27:10,861 - INFO - Article link https://www.industry.gov.au/publications/budget-2020-21 already exists, skipping insertion.
2024-06-07 14:27:10,864 - INFO - Article link https://www.industry.gov.au/publications/environmental-report-2019-20 already exists, skipping insertion.
2024-06-07 14:27:10,865 - INFO - Article link https://www.industry.gov.au/publications/aboriginal-and-torres-strait-islander-business-support-roadmap already exists, skipping insertion.
2024-06-07 14:27:10,867 - INFO - Article link https://www.industry.gov.au/publications/annual-report-2019-20 already exists, skipping insertion.
2024-06-07 14:27:10,868 - INFO - Article link https://www.industry.gov.au/publications/aps-employee-census-2019-highlights-report already exists, skipping insertion.
2024-06-07 14:27:10,870 - INFO - Article link https://www.industry.gov.au/publications/environmental-report-2018-19 already exists, skipping insertion.
2024-06-07 14:27:10,871 - INFO - Article link https://www.industry.gov.au/publications/annual-report-2018-19 already exists, skipping insertion.
2024-06-07 14:27:10,873 - INFO - Article link https://www.industry.gov.au/publications/corporate-plan-2019-20 already exists, skipping insertion.
2024-06-07 14:27:10,873 - INFO - Article link https://www.industry.gov.au/publications/reconciliation-action-plan-2019-2021 already exists, skipping insertion.
2024-06-07 14:27:10,876 - INFO - Article link https://www.industry.gov.au/publications/budget-2019-20 already exists, skipping insertion.
2024-06-07 14:27:10,877 - INFO - Article link https://www.industry.gov.au/publications/environmental-report-2017-18 already exists, skipping insertion.
2024-06-07 14:27:10,878 - INFO - Article link https://www.industry.gov.au/publications/annual-report-2017-18 already exists, skipping insertion.
2024-06-07 14:27:10,880 - INFO - Article link https://www.industry.gov.au/publications/corporate-plan-2018-19 already exists, skipping insertion.
2024-06-07 14:27:10,882 - INFO - Article link https://www.industry.gov.au/publications/agency-plan-information-publication-scheme already exists, skipping insertion.
2024-06-07 14:27:10,883 - INFO - Article link https://www.industry.gov.au/publications/budget-2018-19 already exists, skipping insertion.
2024-06-07 14:27:10,884 - INFO - Article link https://www.industry.gov.au/publications/environmental-report-2016-17 already exists, skipping insertion.
2024-06-07 14:27:10,885 - INFO - Article link https://www.industry.gov.au/publications/annual-report-2016-17 already exists, skipping insertion.
2024-06-07 14:27:10,886 - INFO - Article link https://www.industry.gov.au/publications/corporate-plan-2017-18 already exists, skipping insertion.
2024-06-07 14:27:10,888 - INFO - Article link https://www.industry.gov.au/publications/national-measurement-institute-national-compliance-policy already exists, skipping insertion.
2024-06-07 14:27:10,890 - INFO - Article link https://www.industry.gov.au/publications/budget-2017-18 already exists, skipping insertion.
2024-06-07 14:27:10,891 - INFO - Article link https://www.industry.gov.au/publications/environmental-report-2015-16 already exists, skipping insertion.
2024-06-07 14:27:10,892 - INFO - Article link https://www.industry.gov.au/publications/annual-report-2015-16 already exists, skipping insertion.
2024-06-07 14:27:10,894 - INFO - Article link https://www.industry.gov.au/publications/corporate-plan-2016-17 already exists, skipping insertion.
2024-06-07 14:27:10,895 - INFO - Article link https://www.industry.gov.au/publications/budget-2016-17 already exists, skipping insertion.
2024-06-07 14:27:10,896 - INFO - Article link https://www.industry.gov.au/publications/contract-provision-services-user-notes already exists, skipping insertion.
2024-06-07 14:27:10,898 - INFO - Article link https://www.industry.gov.au/publications/choosing-appropriate-designs-and-methods-impact-evaluation already exists, skipping insertion.
2024-06-07 14:27:10,900 - INFO - Article link https://www.industry.gov.au/publications/sustainable-procurement-strategy already exists, skipping insertion.
2024-06-07 14:27:10,901 - INFO - Article link https://www.industry.gov.au/publications/annual-report-2014-15 already exists, skipping insertion.
2024-06-07 14:27:10,902 - INFO - Article link https://www.industry.gov.au/publications/environmental-report-2014-15 already exists, skipping insertion.
2024-06-07 14:27:10,904 - INFO - Article link https://www.industry.gov.au/publications/randomised-controlled-trials-and-industry-program-evaluations already exists, skipping insertion.
2024-06-07 14:27:10,905 - INFO - Data saved to database
